TK L: INTEGER
TK E: INTEGER
TK L: IDENTIFICADOR
TK E: IDENTIFICADOR
TK L: IGUAL
TK E: IGUAL
TK L: VALOR
TK E: VALOR
TK L: PONTO_VIRGULA
TK E: PONTO_VIRGULA
TK L: STRING
TK E: STRING
TK L: IDENTIFICADOR
TK E: IDENTIFICADOR
TK L: PONTO_VIRGULA
TK E: PONTO_VIRGULA
TK L: CONST
TK E: CONST
TK L: IDENTIFICADOR
TK E: IDENTIFICADOR
TK L: IGUAL
TK E: IGUAL
TK L: VALOR
TK E: VALOR
TK L: PONTO_VIRGULA
TK E: PONTO_VIRGULA
TK L: WRITE
TK E: WRITE
TK L: ABRE_PARENTESES
TK E: ABRE_PARENTESES
TK L: VALOR
TK E: VALOR
TK L: FECHA_PARENTESES
TK E: FECHA_PARENTESES
TK L: PONTO_VIRGULA
TK E: PONTO_VIRGULA
TK L: READLN
TK E: READLN
TK L: ABRE_PARENTESES
TK E: ABRE_PARENTESES
TK L: IDENTIFICADOR
TK E: IDENTIFICADOR
TK L: FECHA_PARENTESES
TK E: FECHA_PARENTESES
TK L: PONTO_VIRGULA
TK E: PONTO_VIRGULA
TK L: REAL
TK E: REAL
TK L: IDENTIFICADOR
TK E: IDENTIFICADOR
TK L: PONTO_VIRGULA
TK E: PONTO_VIRGULA
TK L: WHILE
TK E: WHILE
TK L: IDENTIFICADOR
TK E: IDENTIFICADOR
TK L: MENOR_IGUAL
TK E: MENOR_IGUAL
TK L: IDENTIFICADOR
TK E: IDENTIFICADOR
TK L: BEGIN
TK E: BEGIN
TK L: IDENTIFICADOR
TK E: IDENTIFICADOR
TK L: IGUAL
TK E: IGUAL
TK L: REAL
TK E: REAL
TK L: ABRE_PARENTESES
TK E: ABRE_PARENTESES
TK L: IDENTIFICADOR
TK E: IDENTIFICADOR
TK L: FECHA_PARENTESES
TK E: FECHA_PARENTESES
TK L: DIVISAO
TK E: DIVISAO
TK L: IDENTIFICADOR
TK E: IDENTIFICADOR
TK L: PONTO_VIRGULA
TK E: PONTO_VIRGULA
TK L: WRITELN
TK E: WRITELN
TK L: ABRE_PARENTESES
TK E: ABRE_PARENTESES
TK L: IDENTIFICADOR
TK E: IDENTIFICADOR
TK L: VIRGULA
TK E: VIRGULA
TK L: VALOR
TK E: VALOR
TK L: VIRGULA
TK E: VIRGULA
TK L: IDENTIFICADOR
TK E: IDENTIFICADOR
TK L: FECHA_PARENTESES
TK E: FECHA_PARENTESES
TK L: PONTO_VIRGULA
TK E: PONTO_VIRGULA
TK L: IDENTIFICADOR
TK E: IDENTIFICADOR
TK L: IGUAL
TK E: IGUAL
TK L: IDENTIFICADOR
TK E: IDENTIFICADOR
TK L: MAIS
TK E: MAIS
TK L: VALOR
TK E: VALOR
TK L: PONTO_VIRGULA
TK E: PONTO_VIRGULA
TK L: END
TK E: END
TK L: EOF
TK E: EOF
15 linhas compiladas.
